c:\users\dimitris\documents\juce projects\delay\builds\visualstudio2013\x64\release_x64\delayprocessor.obj
c:\users\dimitris\documents\juce projects\delay\builds\visualstudio2013\x64\release_x64\juce_graphics.obj
c:\users\dimitris\documents\juce projects\delay\builds\visualstudio2013\x64\release_x64\juce_audio_processors.obj
c:\users\dimitris\documents\juce projects\delay\builds\visualstudio2013\x64\release_x64\juce_audio_plugin_client_utils.obj
c:\users\dimitris\documents\juce projects\delay\builds\visualstudio2013\x64\release_x64\juce_opengl.obj
c:\users\dimitris\documents\juce projects\delay\builds\visualstudio2013\x64\release_x64\juce_audio_devices.obj
c:\users\dimitris\documents\juce projects\delay\builds\visualstudio2013\x64\release_x64\juce_data_structures.obj
c:\users\dimitris\documents\juce projects\delay\builds\visualstudio2013\x64\release_x64\juce_core.obj
c:\users\dimitris\documents\juce projects\delay\builds\visualstudio2013\x64\release_x64\juce_video.obj
c:\users\dimitris\documents\juce projects\delay\builds\visualstudio2013\x64\release_x64\juce_audio_formats.obj
c:\users\dimitris\documents\juce projects\delay\builds\visualstudio2013\x64\release_x64\juce_gui_basics.obj
c:\users\dimitris\documents\juce projects\delay\builds\visualstudio2013\x64\release_x64\juce_audio_plugin_client_vst2.obj
c:\users\dimitris\documents\juce projects\delay\builds\visualstudio2013\x64\release_x64\juce_gui_extra.obj
c:\users\dimitris\documents\juce projects\delay\builds\visualstudio2013\x64\release_x64\juce_audio_basics.obj
c:\users\dimitris\documents\juce projects\delay\builds\visualstudio2013\x64\release_x64\juce_cryptography.obj
c:\users\dimitris\documents\juce projects\delay\builds\visualstudio2013\x64\release_x64\juce_events.obj
c:\users\dimitris\documents\juce projects\delay\builds\visualstudio2013\x64\release_x64\vc120.pdb
c:\users\dimitris\documents\juce projects\delay\builds\visualstudio2013\x64\release_x64\delay_x64.lib
c:\users\dimitris\documents\juce projects\delay\builds\visualstudio2013\x64\release_x64\delay_x64.exp
c:\users\dimitris\documents\juce projects\delay\builds\visualstudio2013\x64\release_x64\delay_x64.dll
c:\users\dimitris\documents\juce projects\delay\builds\visualstudio2013\x64\release_x64\resources.res
c:\users\dimitris\documents\juce projects\delay\builds\visualstudio2013\x64\release_x64\delay.tlog\cl.command.1.tlog
c:\users\dimitris\documents\juce projects\delay\builds\visualstudio2013\x64\release_x64\delay.tlog\cl.read.1.tlog
c:\users\dimitris\documents\juce projects\delay\builds\visualstudio2013\x64\release_x64\delay.tlog\cl.write.1.tlog
c:\users\dimitris\documents\juce projects\delay\builds\visualstudio2013\x64\release_x64\delay.tlog\delay.write.1u.tlog
c:\users\dimitris\documents\juce projects\delay\builds\visualstudio2013\x64\release_x64\delay.tlog\link.command.1.tlog
c:\users\dimitris\documents\juce projects\delay\builds\visualstudio2013\x64\release_x64\delay.tlog\link.read.1.tlog
c:\users\dimitris\documents\juce projects\delay\builds\visualstudio2013\x64\release_x64\delay.tlog\link.write.1.tlog
c:\users\dimitris\documents\juce projects\delay\builds\visualstudio2013\x64\release_x64\delay.tlog\rc.command.1.tlog
c:\users\dimitris\documents\juce projects\delay\builds\visualstudio2013\x64\release_x64\delay.tlog\rc.read.1.tlog
c:\users\dimitris\documents\juce projects\delay\builds\visualstudio2013\x64\release_x64\delay.tlog\rc.write.1.tlog
