Build started 1/4/2017 11:32:13 μμ.
     1>Project "C:\Users\Dimitris\Documents\Juce Projects\Delay\Builds\VisualStudio2013\Delay.vcxproj" on node 2 (Build target(s)).
     1>C:\Program Files (x86)\MSBuild\Microsoft.Cpp\v4.0\V120\Microsoft.CppBuild.targets(935,5): warning MSB8027: Two or more files with the name of juce_audio_basics.cpp will produce outputs to the same location. This can lead to an incorrect build result.  The files involved are ..\..\..\..\..\JUCE\modules\juce_audio_basics\juce_audio_basics.cpp, ..\..\JuceLibraryCode\juce_audio_basics.cpp.
     1>C:\Program Files (x86)\MSBuild\Microsoft.Cpp\v4.0\V120\Microsoft.CppBuild.targets(935,5): warning MSB8027: Two or more files with the name of juce_audio_devices.cpp will produce outputs to the same location. This can lead to an incorrect build result.  The files involved are ..\..\..\..\..\JUCE\modules\juce_audio_devices\juce_audio_devices.cpp, ..\..\JuceLibraryCode\juce_audio_devices.cpp.
     1>C:\Program Files (x86)\MSBuild\Microsoft.Cpp\v4.0\V120\Microsoft.CppBuild.targets(935,5): warning MSB8027: Two or more files with the name of juce_audio_formats.cpp will produce outputs to the same location. This can lead to an incorrect build result.  The files involved are ..\..\..\..\..\JUCE\modules\juce_audio_formats\juce_audio_formats.cpp, ..\..\JuceLibraryCode\juce_audio_formats.cpp.
     1>C:\Program Files (x86)\MSBuild\Microsoft.Cpp\v4.0\V120\Microsoft.CppBuild.targets(935,5): warning MSB8027: Two or more files with the name of juce_audio_plugin_client_utils.cpp will produce outputs to the same location. This can lead to an incorrect build result.  The files involved are ..\..\..\..\..\JUCE\modules\juce_audio_plugin_client\juce_audio_plugin_client_utils.cpp, ..\..\JuceLibraryCode\juce_audio_plugin_client_utils.cpp.
     1>C:\Program Files (x86)\MSBuild\Microsoft.Cpp\v4.0\V120\Microsoft.CppBuild.targets(935,5): warning MSB8027: Two or more files with the name of juce_audio_plugin_client_VST2.cpp will produce outputs to the same location. This can lead to an incorrect build result.  The files involved are ..\..\..\..\..\JUCE\modules\juce_audio_plugin_client\juce_audio_plugin_client_VST2.cpp, ..\..\JuceLibraryCode\juce_audio_plugin_client_VST2.cpp.
     1>C:\Program Files (x86)\MSBuild\Microsoft.Cpp\v4.0\V120\Microsoft.CppBuild.targets(935,5): warning MSB8027: Two or more files with the name of juce_audio_processors.cpp will produce outputs to the same location. This can lead to an incorrect build result.  The files involved are ..\..\..\..\..\JUCE\modules\juce_audio_processors\juce_audio_processors.cpp, ..\..\JuceLibraryCode\juce_audio_processors.cpp.
     1>C:\Program Files (x86)\MSBuild\Microsoft.Cpp\v4.0\V120\Microsoft.CppBuild.targets(935,5): warning MSB8027: Two or more files with the name of juce_core.cpp will produce outputs to the same location. This can lead to an incorrect build result.  The files involved are ..\..\..\..\..\JUCE\modules\juce_core\juce_core.cpp, ..\..\JuceLibraryCode\juce_core.cpp.
     1>C:\Program Files (x86)\MSBuild\Microsoft.Cpp\v4.0\V120\Microsoft.CppBuild.targets(935,5): warning MSB8027: Two or more files with the name of juce_cryptography.cpp will produce outputs to the same location. This can lead to an incorrect build result.  The files involved are ..\..\..\..\..\JUCE\modules\juce_cryptography\juce_cryptography.cpp, ..\..\JuceLibraryCode\juce_cryptography.cpp.
     1>C:\Program Files (x86)\MSBuild\Microsoft.Cpp\v4.0\V120\Microsoft.CppBuild.targets(935,5): warning MSB8027: Two or more files with the name of juce_data_structures.cpp will produce outputs to the same location. This can lead to an incorrect build result.  The files involved are ..\..\..\..\..\JUCE\modules\juce_data_structures\juce_data_structures.cpp, ..\..\JuceLibraryCode\juce_data_structures.cpp.
     1>C:\Program Files (x86)\MSBuild\Microsoft.Cpp\v4.0\V120\Microsoft.CppBuild.targets(935,5): warning MSB8027: Two or more files with the name of juce_events.cpp will produce outputs to the same location. This can lead to an incorrect build result.  The files involved are ..\..\..\..\..\JUCE\modules\juce_events\juce_events.cpp, ..\..\JuceLibraryCode\juce_events.cpp.
     1>C:\Program Files (x86)\MSBuild\Microsoft.Cpp\v4.0\V120\Microsoft.CppBuild.targets(935,5): warning MSB8027: Two or more files with the name of juce_graphics.cpp will produce outputs to the same location. This can lead to an incorrect build result.  The files involved are ..\..\..\..\..\JUCE\modules\juce_graphics\juce_graphics.cpp, ..\..\JuceLibraryCode\juce_graphics.cpp.
     1>C:\Program Files (x86)\MSBuild\Microsoft.Cpp\v4.0\V120\Microsoft.CppBuild.targets(935,5): warning MSB8027: Two or more files with the name of juce_gui_basics.cpp will produce outputs to the same location. This can lead to an incorrect build result.  The files involved are ..\..\..\..\..\JUCE\modules\juce_gui_basics\juce_gui_basics.cpp, ..\..\JuceLibraryCode\juce_gui_basics.cpp.
     1>C:\Program Files (x86)\MSBuild\Microsoft.Cpp\v4.0\V120\Microsoft.CppBuild.targets(935,5): warning MSB8027: Two or more files with the name of juce_gui_extra.cpp will produce outputs to the same location. This can lead to an incorrect build result.  The files involved are ..\..\..\..\..\JUCE\modules\juce_gui_extra\juce_gui_extra.cpp, ..\..\JuceLibraryCode\juce_gui_extra.cpp.
     1>C:\Program Files (x86)\MSBuild\Microsoft.Cpp\v4.0\V120\Microsoft.CppBuild.targets(935,5): warning MSB8027: Two or more files with the name of juce_opengl.cpp will produce outputs to the same location. This can lead to an incorrect build result.  The files involved are ..\..\..\..\..\JUCE\modules\juce_opengl\juce_opengl.cpp, ..\..\JuceLibraryCode\juce_opengl.cpp.
     1>C:\Program Files (x86)\MSBuild\Microsoft.Cpp\v4.0\V120\Microsoft.CppBuild.targets(935,5): warning MSB8027: Two or more files with the name of juce_video.cpp will produce outputs to the same location. This can lead to an incorrect build result.  The files involved are ..\..\..\..\..\JUCE\modules\juce_video\juce_video.cpp, ..\..\JuceLibraryCode\juce_video.cpp.
     1>ClCompile:
         C:\Program Files (x86)\Microsoft Visual Studio 12.0\VC\bin\CL.exe /c /I..\..\JuceLibraryCode /I..\..\..\..\..\JUCE\modules /ZI /nologo /W4 /WX- /MP /Od /Oy- /D _CRT_SECURE_NO_WARNINGS /D WIN32 /D _WINDOWS /D DEBUG /D _DEBUG /D JUCER_VS2013_78A5020=1 /D JUCE_APP_VERSION=1.0.0 /D JUCE_APP_VERSION_HEX=0x10000 /D _WINDLL /Gm- /EHsc /MDd /GS /fp:precise /Zc:wchar_t /Zc:forScope /GR /Fo"Debug\\" /Fd"Debug\\vc120.pdb" /Gd /TP /analyze- /errorReport:prompt ..\..\Source\DelayProcessor.cpp
         DelayProcessor.cpp
       Link:
         C:\Program Files (x86)\Microsoft Visual Studio 12.0\VC\bin\link.exe /ERRORREPORT:PROMPT /OUT:"C:\Users\Dimitris\Documents\Juce Projects\Delay\Builds\VisualStudio2013\Debug\\Delay.dll" /NOLOGO kernel32.lib user32.lib gdi32.lib winspool.lib comdlg32.lib advapi32.lib shell32.lib ole32.lib oleaut32.lib uuid.lib odbc32.lib odbccp32.lib /NODEFAULTLIB:libcmt.lib /NODEFAULTLIB:msvcrt.lib /MANIFEST /MANIFESTUAC:"level='asInvoker' uiAccess='false'" /manifest:embed /DEBUG /PDB:"Debug\\Delay.pdb" /SUBSYSTEM:WINDOWS /LARGEADDRESSAWARE /TLBID:1 /DYNAMICBASE /NXCOMPAT /IMPLIB:"C:\Users\Dimitris\Documents\Juce Projects\Delay\Builds\VisualStudio2013\Debug\Delay.lib" /MACHINE:X86 /SAFESEH:NO /DLL Debug\resources.res
         Debug\\DelayProcessor.obj
         Debug\\juce_audio_basics.obj
         Debug\\juce_audio_devices.obj
         Debug\\juce_audio_formats.obj
         Debug\\juce_audio_plugin_client_utils.obj
         Debug\\juce_audio_plugin_client_VST2.obj
         Debug\\juce_audio_processors.obj
         Debug\\juce_core.obj
         Debug\\juce_cryptography.obj
         Debug\\juce_data_structures.obj
         Debug\\juce_events.obj
         Debug\\juce_graphics.obj
         Debug\\juce_gui_basics.obj
         Debug\\juce_gui_extra.obj
         Debug\\juce_opengl.obj
         Debug\\juce_video.obj
         Delay.vcxproj -> C:\Users\Dimitris\Documents\Juce Projects\Delay\Builds\VisualStudio2013\Debug\Delay.dll
     1>Done Building Project "C:\Users\Dimitris\Documents\Juce Projects\Delay\Builds\VisualStudio2013\Delay.vcxproj" (Build target(s)).

Build succeeded.

Time Elapsed 00:00:02.73
